# JRE version: OpenJDK Runtime Environment Temurin-17.0.3+7 (17.0.3+7) (build 17.0.3+7)
# Java VM: OpenJDK 64-Bit Server VM Temurin-17.0.3+7 (17.0.3+7, mixed mode, tiered, compressed oops, compressed class ptrs, parallel gc, windows-amd64)
GC Precious Log:
 CPUs: 4 total, 4 available
 Memory: 8088M
 Large Page Support: Disabled
 NUMA Support: Disabled
 Compressed Oops: Enabled (32-bit)
 Alignments: Space 512K, Generation 512K, Heap 2M
 Heap Min Capacity: 100M
 Heap Initial Capacity: 100M
 Heap Max Capacity: 1G
 Pre-touch: Disabled
 Parallel Workers: 4
Heap:
 PSYoungGen      total 2560K, used 1037K [0x00000000eab00000, 0x00000000eae80000, 0x0000000100000000)
  eden space 2048K, 47% used [0x00000000eab00000,0x00000000eabf3438,0x00000000ead00000)
  from space 512K, 12% used [0x00000000eae00000,0x00000000eae10000,0x00000000eae80000)
  to   space 512K, 0% used [0x00000000ead80000,0x00000000ead80000,0x00000000eae00000)
 ParOldGen       total 185856K, used 185567K [0x00000000c0000000, 0x00000000cb580000, 0x00000000eab00000)
  object space 185856K, 99% used [0x00000000c0000000,0x00000000cb537cb0,0x00000000cb580000)
 Metaspace       used 81856K, committed 82880K, reserved 1130496K
  class space    used 7980K, committed 8448K, reserved 1048576K
GC Heap History (20 events):
Event: 7564.634 GC heap before
{Heap before GC invocations=6699 (full 167):
 PSYoungGen      total 2560K, used 2216K [0x00000000eab00000, 0x00000000eae00000, 0x0000000100000000)
  eden space 2048K, 91% used [0x00000000eab00000,0x00000000eacd2330,0x00000000ead00000)
  from space 512K, 68% used [0x00000000ead80000,0x00000000eadd8000,0x00000000eae00000)
  to   space 512K, 0% used [0x00000000ead00000,0x00000000ead00000,0x00000000ead80000)
 ParOldGen       total 175616K, used 173591K [0x00000000c0000000, 0x00000000cab80000, 0x00000000eab00000)
  object space 175616K, 98% used [0x00000000c0000000,0x00000000ca985f58,0x00000000cab80000)
 Metaspace       used 81823K, committed 82880K, reserved 1130496K
  class space    used 7979K, committed 8448K, reserved 1048576K
}
Event: 7564.635 GC heap after
{Heap after GC invocations=6699 (full 167):
 PSYoungGen      total 2560K, used 496K [0x00000000eab00000, 0x00000000eb000000, 0x0000000100000000)
  eden space 2048K, 0% used [0x00000000eab00000,0x00000000eab00000,0x00000000ead00000)
  from space 512K, 97% used [0x00000000ead00000,0x00000000ead7c2f0,0x00000000ead80000)
  to   space 1536K, 0% used [0x00000000eae80000,0x00000000eae80000,0x00000000eb000000)
 ParOldGen       total 175616K, used 174267K [0x00000000c0000000, 0x00000000cab80000, 0x00000000eab00000)
  object space 175616K, 99% used [0x00000000c0000000,0x00000000caa2ecd8,0x00000000cab80000)
 Metaspace       used 81823K, committed 82880K, reserved 1130496K
  class space    used 7979K, committed 8448K, reserved 1048576K
}
Event: 7564.642 GC heap before
{Heap before GC invocations=6700 (full 167):
 PSYoungGen      total 2560K, used 2544K [0x00000000eab00000, 0x00000000eb000000, 0x0000000100000000)
  eden space 2048K, 100% used [0x00000000eab00000,0x00000000ead00000,0x00000000ead00000)
  from space 512K, 97% used [0x00000000ead00000,0x00000000ead7c2f0,0x00000000ead80000)
  to   space 1536K, 0% used [0x00000000eae80000,0x00000000eae80000,0x00000000eb000000)
 ParOldGen       total 177664K, used 175911K [0x00000000c0000000, 0x00000000cad80000, 0x00000000eab00000)
  object space 177664K, 99% used [0x00000000c0000000,0x00000000cabc9dd0,0x00000000cad80000)
 Metaspace       used 81823K, committed 82880K, reserved 1130496K
  class space    used 7979K, committed 8448K, reserved 1048576K
}
Event: 7564.644 GC heap after
{Heap after GC invocations=6700 (full 167):
 PSYoungGen      total 2560K, used 416K [0x00000000eab00000, 0x00000000eaf00000, 0x0000000100000000)
  eden space 2048K, 0% used [0x00000000eab00000,0x00000000eab00000,0x00000000ead00000)
  from space 512K, 81% used [0x00000000eae80000,0x00000000eaee8000,0x00000000eaf00000)
  to   space 1024K, 0% used [0x00000000ead00000,0x00000000ead00000,0x00000000eae00000)
 ParOldGen       total 177664K, used 176220K [0x00000000c0000000, 0x00000000cad80000, 0x00000000eab00000)
  object space 177664K, 99% used [0x00000000c0000000,0x00000000cac17250,0x00000000cad80000)
 Metaspace       used 81823K, committed 82880K, reserved 1130496K
  class space    used 7979K, committed 8448K, reserved 1048576K
}
Event: 7564.652 GC heap before
{Heap before GC invocations=6701 (full 167):
 PSYoungGen      total 2560K, used 2211K [0x00000000eab00000, 0x00000000eaf00000, 0x0000000100000000)
  eden space 2048K, 87% used [0x00000000eab00000,0x00000000eacc0ea8,0x00000000ead00000)
  from space 512K, 81% used [0x00000000eae80000,0x00000000eaee8000,0x00000000eaf00000)
  to   space 1024K, 0% used [0x00000000ead00000,0x00000000ead00000,0x00000000eae00000)
 ParOldGen       total 179712K, used 177864K [0x00000000c0000000, 0x00000000caf80000, 0x00000000eab00000)
  object space 179712K, 98% used [0x00000000c0000000,0x00000000cadb2348,0x00000000caf80000)
 Metaspace       used 81823K, committed 82880K, reserved 1130496K
  class space    used 7979K, committed 8448K, reserved 1048576K
}
Event: 7564.653 GC heap after
{Heap after GC invocations=6701 (full 167):
 PSYoungGen      total 3072K, used 968K [0x00000000eab00000, 0x00000000eb000000, 0x0000000100000000)
  eden space 2048K, 0% used [0x00000000eab00000,0x00000000eab00000,0x00000000ead00000)
  from space 1024K, 94% used [0x00000000ead00000,0x00000000eadf2128,0x00000000eae00000)
  to   space 1536K, 0% used [0x00000000eae80000,0x00000000eae80000,0x00000000eb000000)
 ParOldGen       total 179712K, used 178224K [0x00000000c0000000, 0x00000000caf80000, 0x00000000eab00000)
  object space 179712K, 99% used [0x00000000c0000000,0x00000000cae0c348,0x00000000caf80000)
 Metaspace       used 81823K, committed 82880K, reserved 1130496K
  class space    used 7979K, committed 8448K, reserved 1048576K
}
Event: 7564.661 GC heap before
{Heap before GC invocations=6702 (full 167):
 PSYoungGen      total 3072K, used 3016K [0x00000000eab00000, 0x00000000eb000000, 0x0000000100000000)
  eden space 2048K, 100% used [0x00000000eab00000,0x00000000ead00000,0x00000000ead00000)
  from space 1024K, 94% used [0x00000000ead00000,0x00000000eadf2128,0x00000000eae00000)
  to   space 1536K, 0% used [0x00000000eae80000,0x00000000eae80000,0x00000000eb000000)
 ParOldGen       total 181760K, used 179869K [0x00000000c0000000, 0x00000000cb180000, 0x00000000eab00000)
  object space 181760K, 98% used [0x00000000c0000000,0x00000000cafa7440,0x00000000cb180000)
 Metaspace       used 81823K, committed 82880K, reserved 1130496K
  class space    used 7979K, committed 8448K, reserved 1048576K
}
Event: 7564.662 GC heap after
{Heap after GC invocations=6702 (full 167):
 PSYoungGen      total 2560K, used 416K [0x00000000eab00000, 0x00000000eaf00000, 0x0000000100000000)
  eden space 2048K, 0% used [0x00000000eab00000,0x00000000eab00000,0x00000000ead00000)
  from space 512K, 81% used [0x00000000eae80000,0x00000000eaee8000,0x00000000eaf00000)
  to   space 1024K, 0% used [0x00000000ead00000,0x00000000ead00000,0x00000000eae00000)
 ParOldGen       total 181760K, used 180210K [0x00000000c0000000, 0x00000000cb180000, 0x00000000eab00000)
  object space 181760K, 99% used [0x00000000c0000000,0x00000000caffc8c0,0x00000000cb180000)
 Metaspace       used 81823K, committed 82880K, reserved 1130496K
  class space    used 7979K, committed 8448K, reserved 1048576K
}
Event: 7564.671 GC heap before
{Heap before GC invocations=6703 (full 167):
 PSYoungGen      total 2560K, used 2188K [0x00000000eab00000, 0x00000000eaf00000, 0x0000000100000000)
  eden space 2048K, 86% used [0x00000000eab00000,0x00000000eacbb1d0,0x00000000ead00000)
  from space 512K, 81% used [0x00000000eae80000,0x00000000eaee8000,0x00000000eaf00000)
  to   space 1024K, 0% used [0x00000000ead00000,0x00000000ead00000,0x00000000eae00000)
 ParOldGen       total 183808K, used 181854K [0x00000000c0000000, 0x00000000cb380000, 0x00000000eab00000)
  object space 183808K, 98% used [0x00000000c0000000,0x00000000cb1979b8,0x00000000cb380000)
 Metaspace       used 81823K, committed 82880K, reserved 1130496K
  class space    used 7979K, committed 8448K, reserved 1048576K
}
Event: 7564.672 GC heap after
{Heap after GC invocations=6703 (full 167):
 PSYoungGen      total 3072K, used 968K [0x00000000eab00000, 0x00000000eb000000, 0x0000000100000000)
  eden space 2048K, 0% used [0x00000000eab00000,0x00000000eab00000,0x00000000ead00000)
  from space 1024K, 94% used [0x00000000ead00000,0x00000000eadf2128,0x00000000eae00000)
  to   space 1536K, 0% used [0x00000000eae80000,0x00000000eae80000,0x00000000eb000000)
 ParOldGen       total 183808K, used 182222K [0x00000000c0000000, 0x00000000cb380000, 0x00000000eab00000)
  object space 183808K, 99% used [0x00000000c0000000,0x00000000cb1f39b8,0x00000000cb380000)
 Metaspace       used 81823K, committed 82880K, reserved 1130496K
  class space    used 7979K, committed 8448K, reserved 1048576K
}
Event: 7564.682 GC heap before
{Heap before GC invocations=6704 (full 167):
 PSYoungGen      total 3072K, used 3016K [0x00000000eab00000, 0x00000000eb000000, 0x0000000100000000)
  eden space 2048K, 100% used [0x00000000eab00000,0x00000000ead00000,0x00000000ead00000)
  from space 1024K, 94% used [0x00000000ead00000,0x00000000eadf2128,0x00000000eae00000)
  to   space 1536K, 0% used [0x00000000eae80000,0x00000000eae80000,0x00000000eb000000)
 ParOldGen       total 185856K, used 183866K [0x00000000c0000000, 0x00000000cb580000, 0x00000000eab00000)
  object space 185856K, 98% used [0x00000000c0000000,0x00000000cb38eab0,0x00000000cb580000)
 Metaspace       used 81823K, committed 82880K, reserved 1130496K
  class space    used 7979K, committed 8448K, reserved 1048576K
}
Event: 7564.683 GC heap after
{Heap after GC invocations=6704 (full 167):
 PSYoungGen      total 2560K, used 384K [0x00000000eab00000, 0x00000000eaf00000, 0x0000000100000000)
  eden space 2048K, 0% used [0x00000000eab00000,0x00000000eab00000,0x00000000ead00000)
  from space 512K, 75% used [0x00000000eae80000,0x00000000eaee0000,0x00000000eaf00000)
  to   space 1024K, 0% used [0x00000000ead00000,0x00000000ead00000,0x00000000eae00000)
 ParOldGen       total 185856K, used 184208K [0x00000000c0000000, 0x00000000cb580000, 0x00000000eab00000)
  object space 185856K, 99% used [0x00000000c0000000,0x00000000cb3e4340,0x00000000cb580000)
 Metaspace       used 81823K, committed 82880K, reserved 1130496K
  class space    used 7979K, committed 8448K, reserved 1048576K
}
Event: 7564.697 GC heap before
{Heap before GC invocations=6705 (full 167):
 PSYoungGen      total 2560K, used 2432K [0x00000000eab00000, 0x00000000eaf00000, 0x0000000100000000)
  eden space 2048K, 100% used [0x00000000eab00000,0x00000000ead00000,0x00000000ead00000)
  from space 512K, 75% used [0x00000000eae80000,0x00000000eaee0000,0x00000000eaf00000)
  to   space 1024K, 0% used [0x00000000ead00000,0x00000000ead00000,0x00000000eae00000)
 ParOldGen       total 185856K, used 184208K [0x00000000c0000000, 0x00000000cb580000, 0x00000000eab00000)
  object space 185856K, 99% used [0x00000000c0000000,0x00000000cb3e4340,0x00000000cb580000)
 Metaspace       used 81826K, committed 82880K, reserved 1130496K
  class space    used 7979K, committed 8448K, reserved 1048576K
}
Event: 7564.699 GC heap after
{Heap after GC invocations=6705 (full 167):
 PSYoungGen      total 3072K, used 512K [0x00000000eab00000, 0x00000000eaf00000, 0x0000000100000000)
  eden space 2048K, 0% used [0x00000000eab00000,0x00000000eab00000,0x00000000ead00000)
  from space 1024K, 50% used [0x00000000ead00000,0x00000000ead80000,0x00000000eae00000)
  to   space 1024K, 0% used [0x00000000eae00000,0x00000000eae00000,0x00000000eaf00000)
 ParOldGen       total 185856K, used 184568K [0x00000000c0000000, 0x00000000cb580000, 0x00000000eab00000)
  object space 185856K, 99% used [0x00000000c0000000,0x00000000cb43e340,0x00000000cb580000)
 Metaspace       used 81826K, committed 82880K, reserved 1130496K
  class space    used 7979K, committed 8448K, reserved 1048576K
}
Event: 7641.651 GC heap before
{Heap before GC invocations=6706 (full 167):
 PSYoungGen      total 3072K, used 2560K [0x00000000eab00000, 0x00000000eaf00000, 0x0000000100000000)
  eden space 2048K, 100% used [0x00000000eab00000,0x00000000ead00000,0x00000000ead00000)
  from space 1024K, 50% used [0x00000000ead00000,0x00000000ead80000,0x00000000eae00000)
  to   space 1024K, 0% used [0x00000000eae00000,0x00000000eae00000,0x00000000eaf00000)
 ParOldGen       total 185856K, used 184568K [0x00000000c0000000, 0x00000000cb580000, 0x00000000eab00000)
  object space 185856K, 99% used [0x00000000c0000000,0x00000000cb43e340,0x00000000cb580000)
 Metaspace       used 81826K, committed 82880K, reserved 1130496K
  class space    used 7979K, committed 8448K, reserved 1048576K
}
Event: 7641.655 GC heap after
{Heap after GC invocations=6706 (full 167):
 PSYoungGen      total 2560K, used 432K [0x00000000eab00000, 0x00000000eae80000, 0x0000000100000000)
  eden space 2048K, 0% used [0x00000000eab00000,0x00000000eab00000,0x00000000ead00000)
  from space 512K, 84% used [0x00000000eae00000,0x00000000eae6c010,0x00000000eae80000)
  to   space 512K, 0% used [0x00000000ead80000,0x00000000ead80000,0x00000000eae00000)
 ParOldGen       total 185856K, used 185018K [0x00000000c0000000, 0x00000000cb580000, 0x00000000eab00000)
  object space 185856K, 99% used [0x00000000c0000000,0x00000000cb4ae810,0x00000000cb580000)
 Metaspace       used 81826K, committed 82880K, reserved 1130496K
  class space    used 7979K, committed 8448K, reserved 1048576K
}
Event: 9969.393 GC heap before
{Heap before GC invocations=6707 (full 167):
 PSYoungGen      total 2560K, used 2479K [0x00000000eab00000, 0x00000000eae80000, 0x0000000100000000)
  eden space 2048K, 99% used [0x00000000eab00000,0x00000000eacfffe8,0x00000000ead00000)
  from space 512K, 84% used [0x00000000eae00000,0x00000000eae6c010,0x00000000eae80000)
  to   space 512K, 0% used [0x00000000ead80000,0x00000000ead80000,0x00000000eae00000)
 ParOldGen       total 185856K, used 185018K [0x00000000c0000000, 0x00000000cb580000, 0x00000000eab00000)
  object space 185856K, 99% used [0x00000000c0000000,0x00000000cb4ae810,0x00000000cb580000)
 Metaspace       used 81854K, committed 82880K, reserved 1130496K
  class space    used 7980K, committed 8448K, reserved 1048576K
}
Event: 9969.433 GC heap after
{Heap after GC invocations=6707 (full 167):
 PSYoungGen      total 2560K, used 256K [0x00000000eab00000, 0x00000000eae80000, 0x0000000100000000)
  eden space 2048K, 0% used [0x00000000eab00000,0x00000000eab00000,0x00000000ead00000)
  from space 512K, 50% used [0x00000000ead80000,0x00000000eadc0000,0x00000000eae00000)
  to   space 512K, 0% used [0x00000000eae00000,0x00000000eae00000,0x00000000eae80000)
 ParOldGen       total 185856K, used 185335K [0x00000000c0000000, 0x00000000cb580000, 0x00000000eab00000)
  object space 185856K, 99% used [0x00000000c0000000,0x00000000cb4fdcb0,0x00000000cb580000)
 Metaspace       used 81854K, committed 82880K, reserved 1130496K
  class space    used 7980K, committed 8448K, reserved 1048576K
}
Event: 18241.400 GC heap before
{Heap before GC invocations=6708 (full 167):
 PSYoungGen      total 2560K, used 2304K [0x00000000eab00000, 0x00000000eae80000, 0x0000000100000000)
  eden space 2048K, 100% used [0x00000000eab00000,0x00000000ead00000,0x00000000ead00000)
  from space 512K, 50% used [0x00000000ead80000,0x00000000eadc0000,0x00000000eae00000)
  to   space 512K, 0% used [0x00000000eae00000,0x00000000eae00000,0x00000000eae80000)
 ParOldGen       total 185856K, used 185335K [0x00000000c0000000, 0x00000000cb580000, 0x00000000eab00000)
  object space 185856K, 99% used [0x00000000c0000000,0x00000000cb4fdcb0,0x00000000cb580000)
 Metaspace       used 81854K, committed 82880K, reserved 1130496K
  class space    used 7980K, committed 8448K, reserved 1048576K
}
Event: 18241.428 GC heap after
{Heap after GC invocations=6708 (full 167):
 PSYoungGen      total 2560K, used 64K [0x00000000eab00000, 0x00000000eae80000, 0x0000000100000000)
  eden space 2048K, 0% used [0x00000000eab00000,0x00000000eab00000,0x00000000ead00000)
  from space 512K, 12% used [0x00000000eae00000,0x00000000eae10000,0x00000000eae80000)
  to   space 512K, 0% used [0x00000000ead80000,0x00000000ead80000,0x00000000eae00000)
 ParOldGen       total 185856K, used 185567K [0x00000000c0000000, 0x00000000cb580000, 0x00000000eab00000)
  object space 185856K, 99% used [0x00000000c0000000,0x00000000cb537cb0,0x00000000cb580000)
 Metaspace       used 81854K, committed 82880K, reserved 1130496K
  class space    used 7980K, committed 8448K, reserved 1048576K
}

